[github.com/flipped-aurora/gin-vue-admin/server]2022/03/09 - 00:20:31.983	[31merror[0m	c:/Users/sbvja/Desktop/gin-demo/api/v1/system/sys_user.go:40	æ³¨å†Œå¤±è´¥!	{"error": "é‚®ç®±å·²è¢«æ³¨å†Œ"}
[github.com/flipped-aurora/gin-vue-admin/server]2022/03/09 - 08:33:27.423	[31merror[0m	c:/Users/Award-IT-Support/Desktop/gin-demo/api/v1/system/sys_authority.go:23	åˆ›å»ºå¤±è´¥!	{"error": "å­˜åœ¨ç›¸åŒè§’è‰²id"}
[github.com/flipped-aurora/gin-vue-admin/server]2022/03/09 - 14:50:37.176	[31merror[0m	c:/Users/Award-IT-Support/Desktop/gin-demo/api/v1/system/sys_authority.go:66	æ›´æ–°å¤±è´¥!	{"error": "record not found"}
[github.com/flipped-aurora/gin-vue-admin/server]2022/03/09 - 15:08:33.670	[31merror[0m	c:/Users/Award-IT-Support/Desktop/gin-demo/api/v1/system/sys_authority.go:82	åˆ é™¤å¤±è´¥!	{"error": "è¯¥è§’è‰²ä¸å­˜åœ¨"}
[github.com/flipped-aurora/gin-vue-admin/server]2022/03/09 - 15:10:25.545	[31merror[0m	c:/Users/Award-IT-Support/Desktop/gin-demo/api/v1/system/sys_authority.go:82	åˆ é™¤å¤±è´¥!	{"error": "Error 1054: Unknown column 'sys_authority_authority_id' in 'where clause'"}
[github.com/flipped-aurora/gin-vue-admin/server]2022/03/09 - 15:11:09.097	[31merror[0m	c:/Users/Award-IT-Support/Desktop/gin-demo/api/v1/system/sys_authority.go:82	åˆ é™¤å¤±è´¥!	{"error": "è¯¥è§’è‰²ä¸å­˜åœ¨"}
[github.com/flipped-aurora/gin-vue-admin/server]2022/03/09 - 15:45:38.625	[31merror[0m	c:/Users/Award-IT-Support/Desktop/gin-demo/api/v1/system/sys_authority.go:32	åˆ›å»ºå¤±è´¥!	{"error": "çˆ¶çº§è§’è‰²ä¸å­˜åœ¨"}
[github.com/flipped-aurora/gin-vue-admin/server]2022/03/09 - 22:33:00.001	[31merror[0m	c:/Users/sbvja/Desktop/gin-demo/api/v1/system/sys_user.go:25	æ³¨å†Œå¤±è´¥!	{"error": "æƒé™IDä¸å­˜åœ¨"}
[github.com/flipped-aurora/gin-vue-admin/server]2022/03/09 - 22:33:40.944	[31merror[0m	c:/Users/sbvja/Desktop/gin-demo/api/v1/system/sys_user.go:25	æ³¨å†Œå¤±è´¥!	{"error": "æƒé™IDä¸å­˜åœ¨"}
[github.com/flipped-aurora/gin-vue-admin/server]2022/03/09 - 22:34:35.713	[31merror[0m	c:/Users/sbvja/Desktop/gin-demo/api/v1/system/sys_user.go:25	æ³¨å†Œå¤±è´¥!	{"error": "æƒé™IDä¸å­˜åœ¨"}
[github.com/flipped-aurora/gin-vue-admin/server]2022/03/09 - 22:40:00.869	[31merror[0m	c:/Users/sbvja/Desktop/gin-demo/api/v1/system/sys_user.go:25	æ³¨å†Œå¤±è´¥!	{"error": "æƒé™IDä¸å­˜åœ¨"}
[github.com/flipped-aurora/gin-vue-admin/server]2022/03/09 - 22:40:44.489	[31merror[0m	c:/Users/sbvja/Desktop/gin-demo/api/v1/system/sys_user.go:25	æ³¨å†Œå¤±è´¥!	{"error": "é‚®ç®±å·²è¢«æ³¨å†Œ"}
[github.com/flipped-aurora/gin-vue-admin/server]2022/03/09 - 22:43:01.055	[31merror[0m	c:/Users/sbvja/Desktop/gin-demo/api/v1/system/sys_user.go:28	æ³¨å†Œå¤±è´¥!	{"error": "é‚®ç®±å·²è¢«æ³¨å†Œ"}
[github.com/flipped-aurora/gin-vue-admin/server]2022/03/09 - 23:11:04.961	[31merror[0m	c:/Users/sbvja/Desktop/gin-demo/api/v1/system/sys_user.go:28	æ³¨å†Œå¤±è´¥!	{"error": "é‚®ç®±å·²è¢«æ³¨å†Œ"}
[github.com/flipped-aurora/gin-vue-admin/server]2022/03/09 - 23:13:05.948	[31merror[0m	c:/Users/sbvja/Desktop/gin-demo/api/v1/system/sys_user.go:28	æ³¨å†Œå¤±è´¥!	{"error": "é‚®ç®±å·²è¢«æ³¨å†Œ"}
[github.com/flipped-aurora/gin-vue-admin/server]2022/03/09 - 23:17:15.119	[31merror[0m	c:/Users/sbvja/Desktop/gin-demo/api/v1/system/sys_user.go:27	æ³¨å†Œå¤±è´¥!	{"error": "é‚®ç®±å·²è¢«æ³¨å†Œ"}
[github.com/flipped-aurora/gin-vue-admin/server]2022/03/09 - 23:18:13.415	[31merror[0m	c:/Users/sbvja/Desktop/gin-demo/api/v1/system/sys_user.go:27	æ³¨å†Œå¤±è´¥!	{"error": "æƒé™IDä¸å­˜åœ¨"}
[github.com/flipped-aurora/gin-vue-admin/server]2022/03/10 - 09:37:47.107	[31merror[0m	c:/Users/Award-IT-Support/Desktop/gin-demo/api/v1/system/sys_user.go:27	æ³¨å†Œå¤±è´¥!	{"error": "æƒé™IDä¸å­˜åœ¨"}
[github.com/flipped-aurora/gin-vue-admin/server]2022/03/10 - 09:37:52.324	[31merror[0m	c:/Users/Award-IT-Support/Desktop/gin-demo/api/v1/system/sys_user.go:27	æ³¨å†Œå¤±è´¥!	{"error": "æƒé™IDä¸å­˜åœ¨"}
[github.com/flipped-aurora/gin-vue-admin/server]2022/03/10 - 09:37:59.887	[31merror[0m	c:/Users/Award-IT-Support/Desktop/gin-demo/api/v1/system/sys_user.go:27	æ³¨å†Œå¤±è´¥!	{"error": "é‚®ç®±å·²è¢«æ³¨å†Œ"}
[github.com/flipped-aurora/gin-vue-admin/server]2022/03/10 - 09:54:30.220	[31merror[0m	c:/Users/Award-IT-Support/Desktop/gin-demo/api/v1/system/sys_authority.go:30	åˆ›å»ºå¤±è´¥!	{"error": "çˆ¶çº§è§’è‰²ä¸å­˜åœ¨"}
[github.com/flipped-aurora/gin-vue-admin/server]2022/03/10 - 16:53:32.865	[31merror[0m	c:/Users/Award-IT-Support/Desktop/gin-demo/api/v1/system/sys_authority.go:28	åˆ›å»ºå¤±è´¥!	{"error": "test"}
[github.com/flipped-aurora/gin-vue-admin/server]2022/03/10 - 16:54:07.158	[31merror[0m	c:/Users/Award-IT-Support/Desktop/gin-demo/api/v1/system/sys_authority.go:28	åˆ›å»ºå¤±è´¥!	{"error": "test"}
[github.com/flipped-aurora/gin-vue-admin/server]2022/03/10 - 16:55:11.559	[31merror[0m	c:/Users/Award-IT-Support/Desktop/gin-demo/api/v1/system/sys_authority.go:28	åˆ›å»ºå¤±è´¥!	{"error": "unsupported relations: Childrena"}
[github.com/flipped-aurora/gin-vue-admin/server]2022/03/10 - 16:56:28.930	[31merror[0m	c:/Users/Award-IT-Support/Desktop/gin-demo/api/v1/system/sys_authority.go:28	åˆ›å»ºå¤±è´¥!	{"error": "unsupported relations: Childrena"}
[github.com/flipped-aurora/gin-vue-admin/server]2022/03/10 - 16:58:35.491	[31merror[0m	c:/Users/Award-IT-Support/Desktop/gin-demo/api/v1/system/sys_authority.go:28	åˆ›å»ºå¤±è´¥!	{"error": "unsupported relations: Childrena"}
[github.com/flipped-aurora/gin-vue-admin/server]2022/03/10 - 16:59:17.111	[31merror[0m	c:/Users/Award-IT-Support/Desktop/gin-demo/api/v1/system/sys_authority.go:28	åˆ›å»ºå¤±è´¥!	{"error": "unsupported relations: Childrena"}
[github.com/flipped-aurora/gin-vue-admin/server]2022/03/10 - 16:59:24.630	[31merror[0m	c:/Users/Award-IT-Support/Desktop/gin-demo/api/v1/system/sys_authority.go:28	åˆ›å»ºå¤±è´¥!	{"error": "unsupported relations: Childrena"}
[github.com/flipped-aurora/gin-vue-admin/server]2022/03/10 - 16:59:52.830	[31merror[0m	c:/Users/Award-IT-Support/Desktop/gin-demo/api/v1/system/sys_authority.go:28	åˆ›å»ºå¤±è´¥!	{"error": "test"}
[github.com/flipped-aurora/gin-vue-admin/server]2022/03/10 - 17:00:08.154	[31merror[0m	c:/Users/Award-IT-Support/Desktop/gin-demo/api/v1/system/sys_authority.go:28	åˆ›å»ºå¤±è´¥!	{"error": "test"}
[github.com/flipped-aurora/gin-vue-admin/server]2022/03/10 - 20:38:06.113	[31merror[0m	c:/Users/sbvja/Desktop/gin-demo/api/v1/system/sys_authority.go:27	åˆ›å»ºå¤±è´¥!	{"error": "çˆ¶çº§è§’è‰²ä¸å­˜åœ¨"}
[github.com/flipped-aurora/gin-vue-admin/server]2022/03/10 - 22:15:59.952	[31merror[0m	c:/Users/sbvja/Desktop/gin-demo/api/v1/system/sys_authority.go:65	æ›´æ–°å¤±è´¥!	{"error": "record not found"}
[github.com/flipped-aurora/gin-vue-admin/server]2022/03/10 - 22:28:41.208	[31merror[0m	c:/Users/sbvja/Desktop/gin-demo/api/v1/system/sys_authority.go:80	åˆ é™¤å¤±è´¥!	{"error": "æ­¤è§’è‰²æœ‰ç”¨æˆ·æ­£åœ¨ä½¿ç”¨ç¦æ­¢åˆ é™¤"}
[github.com/flipped-aurora/gin-vue-admin/server]2022/03/10 - 22:28:54.622	[31merror[0m	c:/Users/sbvja/Desktop/gin-demo/api/v1/system/sys_authority.go:80	åˆ é™¤å¤±è´¥!	{"error": "æ­¤è§’è‰²æœ‰å­è§’è‰²æ­£åœ¨ä½¿ç”¨ç¦æ­¢åˆ é™¤"}
